2020-02-16 17:16:50.988[main]DEBUG com.xupt.o2o.dao.ShopDao.queryShopList -==>  Preparing: SELECT s.shop_id, s.shop_name, s.shop_desc, s.shop_addr, s.phone, s.shop_img, s.priority, s.create_time, s.last_edit_time, s.enable_status, s.advice, a.area_id, a.area_name, sc.shop_category_id, sc.shop_category_name FROM tb_shop s, tb_area a, tb_shop_category sc WHERE s.user_id = ? and s.area_id=a.area_id and s.shop_category_id = sc.shop_category_id ORDER BY s.priority DESC LIMIT ?,?; 
2020-02-16 17:16:51.030[main]DEBUG com.xupt.o2o.dao.ShopDao.queryShopList -==> Parameters: 1(Long), 0(Integer), 5(Integer)
2020-02-16 17:19:27.577[main]DEBUG com.xupt.o2o.dao.ShopDao.queryShopList -==>  Preparing: SELECT s.shop_id, s.shop_name, s.shop_desc, s.shop_addr, s.phone, s.shop_img, s.priority, s.create_time, s.last_edit_time, s.enable_status, s.advice, a.area_id, a.area_name, sc.shop_category_id, sc.shop_category_name FROM tb_shop s, tb_area a, tb_shop_category sc WHERE s.owner_id = ? and s.area_id=a.area_id and s.shop_category_id = sc.shop_category_id ORDER BY s.priority DESC LIMIT ?,?; 
2020-02-16 17:19:27.606[main]DEBUG com.xupt.o2o.dao.ShopDao.queryShopList -==> Parameters: 1(Long), 0(Integer), 5(Integer)
2020-02-16 17:19:27.646[main]DEBUG com.xupt.o2o.dao.ShopDao.queryShopList -<==      Total: 5
2020-02-16 17:21:36.126[main]DEBUG com.xupt.o2o.dao.ShopDao.queryShopList -==>  Preparing: SELECT s.shop_id, s.shop_name, s.shop_desc, s.shop_addr, s.phone, s.shop_img, s.priority, s.create_time, s.last_edit_time, s.enable_status, s.advice, a.area_id, a.area_name, sc.shop_category_id, sc.shop_category_name FROM tb_shop s, tb_area a, tb_shop_category sc WHERE s.owner_id = ? and s.area_id=a.area_id and s.shop_category_id = sc.shop_category_id ORDER BY s.priority DESC LIMIT ?,?; 
2020-02-16 17:21:36.162[main]DEBUG com.xupt.o2o.dao.ShopDao.queryShopList -==> Parameters: 1(Long), 0(Integer), 5(Integer)
2020-02-16 17:21:36.193[main]DEBUG com.xupt.o2o.dao.ShopDao.queryShopList -<==      Total: 5
2020-02-16 17:21:36.199[main]DEBUG com.xupt.o2o.dao.ShopDao.queryShopCount -==>  Preparing: SELECT count(1) FROM tb_shop s, tb_area a, tb_shop_category sc WHERE s.owner_id = ? and s.area_id=a.area_id and s.shop_category_id = sc.shop_category_id 
2020-02-16 17:21:36.200[main]DEBUG com.xupt.o2o.dao.ShopDao.queryShopCount -==> Parameters: 1(Long)
2020-02-16 17:21:36.206[main]DEBUG com.xupt.o2o.dao.ShopDao.queryShopCount -<==      Total: 1
2020-02-16 17:24:15.669[main]DEBUG com.xupt.o2o.dao.ShopDao.queryShopList -==>  Preparing: SELECT s.shop_id, s.shop_name, s.shop_desc, s.shop_addr, s.phone, s.shop_img, s.priority, s.create_time, s.last_edit_time, s.enable_status, s.advice, a.area_id, a.area_name, sc.shop_category_id, sc.shop_category_name FROM tb_shop s, tb_area a, tb_shop_category sc WHERE s.owner_id = ? and s.area_id=a.area_id and s.shop_category_id = sc.shop_category_id ORDER BY s.priority DESC LIMIT ?,?; 
2020-02-16 17:24:15.695[main]DEBUG com.xupt.o2o.dao.ShopDao.queryShopList -==> Parameters: 1(Long), 0(Integer), 5(Integer)
2020-02-16 17:24:15.719[main]DEBUG com.xupt.o2o.dao.ShopDao.queryShopList -<==      Total: 5
2020-02-16 17:24:15.729[main]DEBUG com.xupt.o2o.dao.ShopDao.queryShopCount -==>  Preparing: SELECT count(1) FROM tb_shop s, tb_area a, tb_shop_category sc WHERE s.owner_id = ? and s.area_id=a.area_id and s.shop_category_id = sc.shop_category_id 
2020-02-16 17:24:15.729[main]DEBUG com.xupt.o2o.dao.ShopDao.queryShopCount -==> Parameters: 1(Long)
2020-02-16 17:24:15.731[main]DEBUG com.xupt.o2o.dao.ShopDao.queryShopCount -<==      Total: 1
2020-02-16 17:24:15.733[main]DEBUG com.xupt.o2o.dao.ShopDao.queryShopList -==>  Preparing: SELECT s.shop_id, s.shop_name, s.shop_desc, s.shop_addr, s.phone, s.shop_img, s.priority, s.create_time, s.last_edit_time, s.enable_status, s.advice, a.area_id, a.area_name, sc.shop_category_id, sc.shop_category_name FROM tb_shop s, tb_area a, tb_shop_category sc WHERE s.shop_category_id = ? and s.owner_id = ? and s.area_id=a.area_id and s.shop_category_id = sc.shop_category_id ORDER BY s.priority DESC LIMIT ?,?; 
2020-02-16 17:24:15.734[main]DEBUG com.xupt.o2o.dao.ShopDao.queryShopList -==> Parameters: 2(Long), 1(Long), 0(Integer), 2(Integer)
2020-02-16 17:24:15.740[main]DEBUG com.xupt.o2o.dao.ShopDao.queryShopList -<==      Total: 2
2020-02-16 17:24:15.742[main]DEBUG com.xupt.o2o.dao.ShopDao.queryShopCount -==>  Preparing: SELECT count(1) FROM tb_shop s, tb_area a, tb_shop_category sc WHERE s.shop_category_id = ? and s.owner_id = ? and s.area_id=a.area_id and s.shop_category_id = sc.shop_category_id 
2020-02-16 17:24:15.742[main]DEBUG com.xupt.o2o.dao.ShopDao.queryShopCount -==> Parameters: 2(Long), 1(Long)
2020-02-16 17:24:15.744[main]DEBUG com.xupt.o2o.dao.ShopDao.queryShopCount -<==      Total: 1
